This is pdfTeX, Version 3.1415926-2.3-1.40.12 (TeX Live 2011) (format=pdftex 2012.1.8)  18 AUG 2012 17:10
entering extended mode
 restricted \write18 enabled.
 %&-line parsing enabled.
**iching-fonttable.tex
(./iching-fonttable.tex (./iching.sty
(/usr/local/texlive/2011/texmf-dist/tex/generic/tex-ps/epsfx.tex
\epsffilein=\read1
\epsfxsize=\dimen16
\epsfysize=\dimen17
\epsftsize=\dimen18
\epsfrsize=\dimen19
\epsftmp=\dimen20
\pspoints=\dimen21
\tracingeps=\count27
\tmpepsbox=\box16
)
\ichingCounter=\count28
\ichingRandomNumber=\count29
\ichingHexagram=\count30
\ichingChangeline=\count31
) [1{/home/wbzyl/.texlive2011/texmf-var/fonts/map/pdftex/updmap/pdftex.map}] ){
texmf/fonts/enc/ichingr.enc}</usr/local/texlive/2011/texmf-dist/fonts/type1/pub
lic/amsfonts/cm/cmss8.pfb><texmf/fonts/type1/ichingr.pfb>
Output written on iching-fonttable.pdf (1 page, 22687 bytes).
PDF statistics:
 17 PDF objects out of 1000 (max. 8388607)
 11 compressed objects within 1 object stream
 0 named destinations out of 1000 (max. 500000)
 1 words of extra memory for PDF output out of 10000 (max. 10000000)

